[06-Dec-2016 02:59:37 UTC] PHP Fatal error:  Uncaught Error: Call to a member function fetch_array() on boolean in /home/Blu-Edition/include/sanity.php:1832
Stack trace:
#0 /home/Blu-Edition/include/functions.php(1001): do_sanity('1480980675')
#1 [internal function]: cleandata()
#2 {main}
  thrown in /home/Blu-Edition/include/sanity.php on line 1832
[06-Dec-2016 03:49:20 UTC] PHP Fatal error:  Uncaught Error: Call to a member function fetch_array() on boolean in /home/Blu-Edition/include/sanity.php:1832
Stack trace:
#0 /home/Blu-Edition/include/functions.php(1001): do_sanity('1480993177')
#1 [internal function]: cleandata()
#2 {main}
  thrown in /home/Blu-Edition/include/sanity.php on line 1832
[06-Dec-2016 05:08:34 UTC] PHP Fatal error:  Uncaught Error: Call to a member function fetch_array() on boolean in /home/Blu-Edition/include/sanity.php:1832
Stack trace:
#0 /home/Blu-Edition/include/functions.php(1001): do_sanity('1480996160')
#1 [internal function]: cleandata()
#2 {main}
  thrown in /home/Blu-Edition/include/sanity.php on line 1832
[06-Dec-2016 13:50:56 UTC] PHP Fatal error:  Uncaught Error: Call to a member function fetch_array() on boolean in /home/Blu-Edition/include/sanity.php:1832
Stack trace:
#0 /home/Blu-Edition/include/functions.php(1001): do_sanity('1481000914')
#1 [internal function]: cleandata()
#2 {main}
  thrown in /home/Blu-Edition/include/sanity.php on line 1832
[06-Dec-2016 16:30:41 UTC] PHP Fatal error:  Uncaught Error: Call to a member function fetch_array() on boolean in /home/Blu-Edition/include/sanity.php:1832
Stack trace:
#0 /home/Blu-Edition/include/functions.php(1001): do_sanity('1481032256')
#1 [internal function]: cleandata()
#2 {main}
  thrown in /home/Blu-Edition/include/sanity.php on line 1832
[06-Dec-2016 21:00:53 UTC] PHP Fatal error:  Uncaught Error: Call to a member function fetch_array() on boolean in /home/Blu-Edition/include/sanity.php:1832
Stack trace:
#0 /home/Blu-Edition/include/functions.php(1001): do_sanity('1481041841')
#1 [internal function]: cleandata()
#2 {main}
  thrown in /home/Blu-Edition/include/sanity.php on line 1832
