[30-Nov-2016 03:37:18 UTC] PHP Fatal error:  Uncaught Error: Call to a member function fetch_array() on boolean in /home/Blu-Edition/include/sanity.php:1832
Stack trace:
#0 /home/Blu-Edition/include/functions.php(1001): do_sanity('1480463260')
#1 [internal function]: cleandata()
#2 {main}
  thrown in /home/Blu-Edition/include/sanity.php on line 1832
[30-Nov-2016 04:12:33 UTC] PHP Fatal error:  Uncaught Error: Call to a member function fetch_array() on boolean in /home/Blu-Edition/include/sanity.php:1832
Stack trace:
#0 /home/Blu-Edition/include/functions.php(1001): do_sanity('1480477038')
#1 [internal function]: cleandata()
#2 {main}
  thrown in /home/Blu-Edition/include/sanity.php on line 1832
[30-Nov-2016 14:27:19 UTC] PHP Fatal error:  Uncaught Error: Call to a member function fetch_array() on boolean in /home/Blu-Edition/include/sanity.php:1832
Stack trace:
#0 /home/Blu-Edition/include/functions.php(1001): do_sanity('1480479153')
#1 [internal function]: cleandata()
#2 {main}
  thrown in /home/Blu-Edition/include/sanity.php on line 1832
[30-Nov-2016 16:38:46 UTC] PHP Fatal error:  Uncaught Error: Call to a member function fetch_array() on boolean in /home/Blu-Edition/include/sanity.php:1832
Stack trace:
#0 /home/Blu-Edition/include/functions.php(1001): do_sanity('1480516039')
#1 [internal function]: cleandata()
#2 {main}
  thrown in /home/Blu-Edition/include/sanity.php on line 1832
[30-Nov-2016 17:18:36 UTC] PHP Fatal error:  Uncaught Error: Call to a member function fetch_array() on boolean in /home/Blu-Edition/include/sanity.php:1832
Stack trace:
#0 /home/Blu-Edition/include/functions.php(1001): do_sanity('1480523925')
#1 [internal function]: cleandata()
#2 {main}
  thrown in /home/Blu-Edition/include/sanity.php on line 1832
[30-Nov-2016 17:40:51 UTC] PHP Parse error:  syntax error, unexpected '.' in /home/Blu-Edition/forum/forum.viewtopic.php on line 234
[30-Nov-2016 17:40:52 UTC] PHP Parse error:  syntax error, unexpected '.' in /home/Blu-Edition/forum/forum.viewtopic.php on line 234
[30-Nov-2016 17:44:27 UTC] PHP Parse error:  syntax error, unexpected 'echo' (T_ECHO) in /home/Blu-Edition/forum/forum.viewtopic.php on line 234
[30-Nov-2016 17:44:28 UTC] PHP Parse error:  syntax error, unexpected 'echo' (T_ECHO) in /home/Blu-Edition/forum/forum.viewtopic.php on line 234
[30-Nov-2016 20:09:44 UTC] PHP Fatal error:  Uncaught Error: Call to a member function fetch_array() on boolean in /home/Blu-Edition/include/sanity.php:1832
Stack trace:
#0 /home/Blu-Edition/include/functions.php(1001): do_sanity('1480526316')
#1 [internal function]: cleandata()
#2 {main}
  thrown in /home/Blu-Edition/include/sanity.php on line 1832
[30-Nov-2016 20:51:55 UTC] PHP Fatal error:  Uncaught Error: Call to a member function fetch_array() on boolean in /home/Blu-Edition/include/sanity.php:1832
Stack trace:
#0 /home/Blu-Edition/include/functions.php(1001): do_sanity('1480536584')
#1 [internal function]: cleandata()
#2 {main}
  thrown in /home/Blu-Edition/include/sanity.php on line 1832
[30-Nov-2016 22:39:14 UTC] PHP Fatal error:  Uncaught Error: Call to a member function fetch_array() on boolean in /home/Blu-Edition/include/sanity.php:1832
Stack trace:
#0 /home/Blu-Edition/include/functions.php(1001): do_sanity('1480539115')
#1 [internal function]: cleandata()
#2 {main}
  thrown in /home/Blu-Edition/include/sanity.php on line 1832
[30-Nov-2016 23:17:26 UTC] PHP Fatal error:  Uncaught Error: Call to a member function fetch_array() on boolean in /home/Blu-Edition/include/sanity.php:1832
Stack trace:
#0 /home/Blu-Edition/include/functions.php(1001): do_sanity('1480545554')
#1 [internal function]: cleandata()
#2 {main}
  thrown in /home/Blu-Edition/include/sanity.php on line 1832
[30-Nov-2016 23:49:41 UTC] PHP Fatal error:  Uncaught Error: Call to a member function fetch_array() on boolean in /home/Blu-Edition/include/sanity.php:1832
Stack trace:
#0 /home/Blu-Edition/include/functions.php(1001): do_sanity('1480547846')
#1 [internal function]: cleandata()
#2 {main}
  thrown in /home/Blu-Edition/include/sanity.php on line 1832
