[07-Dec-2016 00:49:19 UTC] PHP Fatal error:  Uncaught Error: Call to a member function fetch_array() on boolean in /home/Blu-Edition/include/sanity.php:1832
Stack trace:
#0 /home/Blu-Edition/include/functions.php(1001): do_sanity('1481058053')
#1 [internal function]: cleandata()
#2 {main}
  thrown in /home/Blu-Edition/include/sanity.php on line 1832
[07-Dec-2016 01:28:15 UTC] PHP Fatal error:  Uncaught Error: Call to a member function fetch_array() on boolean in /home/Blu-Edition/include/sanity.php:1832
Stack trace:
#0 /home/Blu-Edition/include/functions.php(1001): do_sanity('1481071759')
#1 [internal function]: cleandata()
#2 {main}
  thrown in /home/Blu-Edition/include/sanity.php on line 1832
[07-Dec-2016 02:01:25 UTC] PHP Fatal error:  Uncaught Error: Call to a member function fetch_array() on boolean in /home/Blu-Edition/include/sanity.php:1832
Stack trace:
#0 /home/Blu-Edition/include/functions.php(1001): do_sanity('1481074094')
#1 [internal function]: cleandata()
#2 {main}
  thrown in /home/Blu-Edition/include/sanity.php on line 1832
[07-Dec-2016 02:32:14 UTC] PHP Parse error:  syntax error, unexpected 'else' (T_ELSE) in /home/Blu-Edition/torrents.php on line 1755
[07-Dec-2016 02:32:14 UTC] PHP Fatal error:  Uncaught Error: Call to a member function fetch_array() on boolean in /home/Blu-Edition/include/sanity.php:1832
Stack trace:
#0 /home/Blu-Edition/include/functions.php(1001): do_sanity('1481076085')
#1 [internal function]: cleandata()
#2 {main}
  thrown in /home/Blu-Edition/include/sanity.php on line 1832
[07-Dec-2016 02:32:15 UTC] PHP Parse error:  syntax error, unexpected 'else' (T_ELSE) in /home/Blu-Edition/torrents.php on line 1755
[07-Dec-2016 02:48:43 UTC] PHP Parse error:  syntax error, unexpected 'label' (T_STRING) in /home/Blu-Edition/details.php on line 559
[07-Dec-2016 02:48:45 UTC] PHP Parse error:  syntax error, unexpected 'label' (T_STRING) in /home/Blu-Edition/details.php on line 559
[07-Dec-2016 02:49:48 UTC] PHP Parse error:  syntax error, unexpected '.' in /home/Blu-Edition/details.php on line 569
[07-Dec-2016 03:06:46 UTC] PHP Fatal error:  Uncaught Error: Call to a member function fetch_array() on boolean in /home/Blu-Edition/include/sanity.php:1832
Stack trace:
#0 /home/Blu-Edition/include/functions.php(1001): do_sanity('1481077934')
#1 [internal function]: cleandata()
#2 {main}
  thrown in /home/Blu-Edition/include/sanity.php on line 1832
[07-Dec-2016 03:39:00 UTC] PHP Fatal error:  Uncaught Error: Call to a member function fetch_array() on boolean in /home/Blu-Edition/include/sanity.php:1832
Stack trace:
#0 /home/Blu-Edition/include/functions.php(1001): do_sanity('1481080006')
#1 [internal function]: cleandata()
#2 {main}
  thrown in /home/Blu-Edition/include/sanity.php on line 1832
[07-Dec-2016 04:09:38 UTC] PHP Fatal error:  Uncaught Error: Call to a member function fetch_array() on boolean in /home/Blu-Edition/include/sanity.php:1832
Stack trace:
#0 /home/Blu-Edition/include/functions.php(1001): do_sanity('1481081939')
#1 [internal function]: cleandata()
#2 {main}
  thrown in /home/Blu-Edition/include/sanity.php on line 1832
[07-Dec-2016 04:21:43 UTC] PHP Parse error:  syntax error, unexpected '.' in /home/Blu-Edition/torrents.php on line 889
[07-Dec-2016 04:21:48 UTC] PHP Parse error:  syntax error, unexpected '.' in /home/Blu-Edition/torrents.php on line 889
[07-Dec-2016 04:22:21 UTC] PHP Parse error:  syntax error, unexpected ';', expecting ',' or ')' in /home/Blu-Edition/torrents.php on line 892
[07-Dec-2016 05:03:09 UTC] PHP Fatal error:  Uncaught Error: Call to a member function fetch_array() on boolean in /home/Blu-Edition/include/sanity.php:1832
Stack trace:
#0 /home/Blu-Edition/include/functions.php(1001): do_sanity('1481083778')
#1 [internal function]: cleandata()
#2 {main}
  thrown in /home/Blu-Edition/include/sanity.php on line 1832
[07-Dec-2016 05:41:22 UTC] PHP Fatal error:  Uncaught Error: Call to a member function fetch_array() on boolean in /home/Blu-Edition/include/sanity.php:1832
Stack trace:
#0 /home/Blu-Edition/include/functions.php(1001): do_sanity('1481086989')
#1 [internal function]: cleandata()
#2 {main}
  thrown in /home/Blu-Edition/include/sanity.php on line 1832
[07-Dec-2016 12:28:08 UTC] PHP Fatal error:  Uncaught Error: Call to a member function fetch_array() on boolean in /home/Blu-Edition/include/sanity.php:1832
Stack trace:
#0 /home/Blu-Edition/include/functions.php(1001): do_sanity('1481089282')
#1 [internal function]: cleandata()
#2 {main}
  thrown in /home/Blu-Edition/include/sanity.php on line 1832
[07-Dec-2016 12:51:48 UTC] PHP Parse error:  syntax error, unexpected '$gold' (T_VARIABLE) in /home/Blu-Edition/torrents.php on line 928
[07-Dec-2016 13:46:23 UTC] PHP Fatal error:  Uncaught Error: Call to a member function fetch_array() on boolean in /home/Blu-Edition/include/sanity.php:1832
Stack trace:
#0 /home/Blu-Edition/include/functions.php(1001): do_sanity('1481113688')
#1 [internal function]: cleandata()
#2 {main}
  thrown in /home/Blu-Edition/include/sanity.php on line 1832
[07-Dec-2016 19:09:40 UTC] PHP Fatal error:  Uncaught Error: Call to a member function fetch_array() on boolean in /home/Blu-Edition/include/sanity.php:1832
Stack trace:
#0 /home/Blu-Edition/include/functions.php(1001): do_sanity('1481118383')
#1 [internal function]: cleandata()
#2 {main}
  thrown in /home/Blu-Edition/include/sanity.php on line 1832
[07-Dec-2016 19:34:26 UTC] PHP Warning:  fopen(subtitles/Tears of Steel  (2012).OfficialRelease.English.orig.Addic7ed.com.srt): failed to open stream: No such file or directory in /home/Blu-Edition/subtitle_download.php on line 22
[07-Dec-2016 19:34:26 UTC] PHP Warning:  fpassthru() expects parameter 1 to be resource, boolean given in /home/Blu-Edition/subtitle_download.php on line 23
[07-Dec-2016 19:42:50 UTC] PHP Fatal error:  Uncaught Error: Call to a member function fetch_array() on boolean in /home/Blu-Edition/include/sanity.php:1832
Stack trace:
#0 /home/Blu-Edition/include/functions.php(1001): do_sanity('1481137780')
#1 [internal function]: cleandata()
#2 {main}
  thrown in /home/Blu-Edition/include/sanity.php on line 1832
[07-Dec-2016 20:14:06 UTC] PHP Fatal error:  Uncaught Error: Call to a member function fetch_array() on boolean in /home/Blu-Edition/include/sanity.php:1832
Stack trace:
#0 /home/Blu-Edition/include/functions.php(1001): do_sanity('1481139770')
#1 [internal function]: cleandata()
#2 {main}
  thrown in /home/Blu-Edition/include/sanity.php on line 1832
[07-Dec-2016 20:43:23 UTC] PHP Fatal error:  Uncaught Error: Call to a member function fetch_row() on boolean in /home/Blu-Edition/subtitles.php:54
Stack trace:
#0 /home/Blu-Edition/index.switch.php(526): require()
#1 /home/Blu-Edition/index.php(310): include('/home/Blu-Editi...')
#2 {main}
  thrown in /home/Blu-Edition/subtitles.php on line 54
[07-Dec-2016 20:59:22 UTC] PHP Fatal error:  Uncaught Error: Call to a member function fetch_array() on boolean in /home/Blu-Edition/include/sanity.php:1832
Stack trace:
#0 /home/Blu-Edition/include/functions.php(1001): do_sanity('1481141646')
#1 [internal function]: cleandata()
#2 {main}
  thrown in /home/Blu-Edition/include/sanity.php on line 1832
[07-Dec-2016 23:19:13 UTC] PHP Fatal error:  Uncaught Error: Call to a member function fetch_array() on boolean in /home/Blu-Edition/include/sanity.php:1832
Stack trace:
#0 /home/Blu-Edition/include/functions.php(1001): do_sanity('1481144362')
#1 [internal function]: cleandata()
#2 {main}
  thrown in /home/Blu-Edition/include/sanity.php on line 1832
